# BEAST v1.7.5
# Generated Thu Sep 05 11:02:06 BST 2013 [seed=1]
state	location
0	"Guangdong"
25000	"HongKong"
50000	"Guangdong"
75000	"Guangdong"
100000	"Guangdong"
125000	"Fujian"
150000	"HongKong"
175000	"Guangdong"
200000	"HongKong"
225000	"HongKong"
250000	"HongKong"
275000	"HongKong"
300000	"HongKong"
325000	"HongKong"
350000	"HongKong"
375000	"HongKong"
400000	"HongKong"
425000	"HongKong"
450000	"HongKong"
475000	"HongKong"
500000	"HongKong"
525000	"Guangxi"
550000	"HongKong"
575000	"HongKong"
600000	"HongKong"
625000	"Guangdong"
650000	"HongKong"
675000	"HongKong"
700000	"HongKong"
725000	"HongKong"
750000	"HongKong"
775000	"HongKong"
800000	"HongKong"
825000	"HongKong"
850000	"HongKong"
875000	"Guangdong"
900000	"HongKong"
925000	"HongKong"
950000	"HongKong"
975000	"HongKong"
1000000	"Guangdong"
1025000	"Guangxi"
1050000	"HongKong"
1075000	"HongKong"
1100000	"HongKong"
1125000	"HongKong"
1150000	"Guangdong"
1175000	"HongKong"
1200000	"HongKong"
1225000	"HongKong"
1250000	"Guangxi"
1275000	"Guangxi"
1300000	"HongKong"
1325000	"HongKong"
1350000	"Guangxi"
1375000	"Guangxi"
1400000	"Guangxi"
1425000	"HongKong"
1450000	"Fujian"
1475000	"Guangdong"
1500000	"Guangdong"
1525000	"HongKong"
1550000	"HongKong"
1575000	"Guangdong"
1600000	"Guangdong"
1625000	"HongKong"
1650000	"HongKong"
1675000	"Guangdong"
1700000	"HongKong"
1725000	"HongKong"
1750000	"HongKong"
1775000	"Guangdong"
1800000	"Fujian"
1825000	"HongKong"
1850000	"Guangxi"
1875000	"HongKong"
1900000	"HongKong"
1925000	"HongKong"
1950000	"HongKong"
1975000	"HongKong"
2000000	"Guangdong"
2025000	"HongKong"
2050000	"HongKong"
2075000	"HongKong"
2100000	"Fujian"
2125000	"Guangxi"
2150000	"HongKong"
2175000	"HongKong"
2200000	"HongKong"
2225000	"HongKong"
2250000	"Guangdong"
2275000	"Fujian"
2300000	"Fujian"
2325000	"Fujian"
2350000	"Guangxi"
2375000	"HongKong"
2400000	"HongKong"
2425000	"Guangxi"
2450000	"Guangdong"
2475000	"Guangxi"
2500000	"HongKong"
2525000	"HongKong"
2550000	"HongKong"
2575000	"HongKong"
2600000	"HongKong"
2625000	"HongKong"
2650000	"HongKong"
2675000	"HongKong"
2700000	"HongKong"
2725000	"HongKong"
2750000	"Guangxi"
2775000	"Guangdong"
2800000	"Guangxi"
2825000	"Guangxi"
2850000	"HongKong"
2875000	"HongKong"
2900000	"HongKong"
2925000	"HongKong"
2950000	"HongKong"
2975000	"HongKong"
3000000	"Guangxi"
3025000	"HongKong"
3050000	"HongKong"
3075000	"HongKong"
3100000	"HongKong"
3125000	"Guangxi"
3150000	"Guangxi"
3175000	"Guangxi"
3200000	"HongKong"
3225000	"HongKong"
3250000	"HongKong"
3275000	"Fujian"
3300000	"Fujian"
3325000	"HongKong"
3350000	"HongKong"
3375000	"Guangxi"
3400000	"HongKong"
3425000	"HongKong"
3450000	"HongKong"
3475000	"HongKong"
3500000	"HongKong"
3525000	"Guangdong"
3550000	"Guangdong"
3575000	"HongKong"
3600000	"Fujian"
3625000	"HongKong"
3650000	"Guangxi"
3675000	"HongKong"
3700000	"Hebei"
3725000	"HongKong"
3750000	"HongKong"
3775000	"HongKong"
3800000	"HongKong"
3825000	"HongKong"
3850000	"Guangxi"
3875000	"HongKong"
3900000	"HongKong"
3925000	"Guangxi"
3950000	"Guangxi"
3975000	"HongKong"
4000000	"Guangxi"
4025000	"HongKong"
4050000	"HongKong"
4075000	"HongKong"
4100000	"HongKong"
4125000	"HongKong"
4150000	"Guangdong"
4175000	"HongKong"
4200000	"Guangxi"
4225000	"Guangxi"
4250000	"HongKong"
4275000	"HongKong"
4300000	"Guangdong"
4325000	"Guangxi"
4350000	"HongKong"
4375000	"HongKong"
4400000	"HongKong"
4425000	"Fujian"
4450000	"Guangdong"
4475000	"HongKong"
4500000	"HongKong"
4525000	"HongKong"
4550000	"HongKong"
4575000	"HongKong"
4600000	"HongKong"
4625000	"HongKong"
4650000	"HongKong"
4675000	"Fujian"
4700000	"HongKong"
4725000	"Guangdong"
4750000	"HongKong"
4775000	"Guangdong"
4800000	"HongKong"
4825000	"Fujian"
4850000	"HongKong"
4875000	"HongKong"
4900000	"HongKong"
4925000	"HongKong"
4950000	"Guangdong"
4975000	"Guangdong"
5000000	"HongKong"
5025000	"Guangxi"
5050000	"HongKong"
5075000	"HongKong"
5100000	"HongKong"
5125000	"HongKong"
5150000	"HongKong"
5175000	"HongKong"
5200000	"HongKong"
5225000	"Guangdong"
5250000	"HongKong"
5275000	"HongKong"
5300000	"Guangxi"
5325000	"HongKong"
5350000	"HongKong"
5375000	"HongKong"
5400000	"HongKong"
5425000	"HongKong"
5450000	"HongKong"
5475000	"HongKong"
5500000	"HongKong"
5525000	"HongKong"
5550000	"HongKong"
5575000	"Guangxi"
5600000	"HongKong"
5625000	"HongKong"
5650000	"HongKong"
5675000	"HongKong"
5700000	"HongKong"
5725000	"Guangxi"
5750000	"Fujian"
5775000	"HongKong"
5800000	"Guangxi"
5825000	"Guangxi"
5850000	"Guangdong"
5875000	"HongKong"
5900000	"HongKong"
5925000	"Fujian"
5950000	"HongKong"
5975000	"Guangdong"
6000000	"HongKong"
6025000	"HongKong"
6050000	"Fujian"
6075000	"Guangdong"
6100000	"HongKong"
6125000	"HongKong"
6150000	"HongKong"
6175000	"HongKong"
6200000	"HongKong"
6225000	"HongKong"
6250000	"HongKong"
6275000	"HongKong"
6300000	"HongKong"
6325000	"Guangdong"
6350000	"HongKong"
6375000	"Guangdong"
6400000	"HongKong"
6425000	"HongKong"
6450000	"Guangxi"
6475000	"Guangxi"
6500000	"Guangxi"
6525000	"Guangdong"
6550000	"HongKong"
6575000	"Guangxi"
6600000	"HongKong"
6625000	"HongKong"
6650000	"Guangdong"
6675000	"Guangdong"
6700000	"Fujian"
6725000	"Guangdong"
6750000	"HongKong"
6775000	"HongKong"
6800000	"HongKong"
6825000	"Guangdong"
6850000	"HongKong"
6875000	"HongKong"
6900000	"HongKong"
6925000	"HongKong"
6950000	"HongKong"
6975000	"HongKong"
7000000	"Fujian"
7025000	"HongKong"
7050000	"Guangdong"
7075000	"HongKong"
7100000	"Guangxi"
7125000	"HongKong"
7150000	"HongKong"
7175000	"Guangdong"
7200000	"HongKong"
7225000	"HongKong"
7250000	"HongKong"
7275000	"HongKong"
7300000	"Guangxi"
7325000	"Guangdong"
7350000	"HongKong"
7375000	"Guangxi"
7400000	"Guangxi"
7425000	"Guangxi"
7450000	"Guangxi"
7475000	"Guangxi"
7500000	"HongKong"
7525000	"HongKong"
7550000	"HongKong"
7575000	"HongKong"
7600000	"HongKong"
7625000	"Fujian"
7650000	"Guangdong"
7675000	"HongKong"
7700000	"Guangdong"
7725000	"HongKong"
7750000	"HongKong"
7775000	"HongKong"
7800000	"Fujian"
7825000	"HongKong"
7850000	"HongKong"
7875000	"Guangdong"
7900000	"HongKong"
7925000	"HongKong"
7950000	"HongKong"
7975000	"HongKong"
8000000	"Guangdong"
8025000	"HongKong"
8050000	"Guangxi"
8075000	"Henan"
8100000	"Guangxi"
8125000	"HongKong"
8150000	"HongKong"
8175000	"HongKong"
8200000	"HongKong"
8225000	"HongKong"
8250000	"HongKong"
8275000	"Guangdong"
8300000	"Guangxi"
8325000	"HongKong"
8350000	"Guangxi"
8375000	"HongKong"
8400000	"Guangxi"
8425000	"HongKong"
8450000	"HongKong"
8475000	"Guangxi"
8500000	"HongKong"
8525000	"HongKong"
8550000	"HongKong"
8575000	"HongKong"
8600000	"HongKong"
8625000	"HongKong"
8650000	"HongKong"
8675000	"Fujian"
8700000	"HongKong"
8725000	"Fujian"
8750000	"HongKong"
8775000	"HongKong"
8800000	"Guangxi"
8825000	"HongKong"
8850000	"HongKong"
8875000	"HongKong"
8900000	"HongKong"
8925000	"HongKong"
8950000	"Fujian"
8975000	"Guangdong"
9000000	"Guangdong"
9025000	"Guangxi"
9050000	"HongKong"
9075000	"HongKong"
9100000	"HongKong"
9125000	"HongKong"
9150000	"HongKong"
9175000	"HongKong"
9200000	"HongKong"
9225000	"HongKong"
9250000	"HongKong"
9275000	"Guangdong"
9300000	"Guangxi"
9325000	"HongKong"
9350000	"HongKong"
9375000	"HongKong"
9400000	"HongKong"
9425000	"Guangdong"
9450000	"HongKong"
9475000	"HongKong"
9500000	"HongKong"
9525000	"HongKong"
9550000	"Guangdong"
9575000	"HongKong"
9600000	"HongKong"
9625000	"HongKong"
9650000	"Guangxi"
9675000	"Guangdong"
9700000	"HongKong"
9725000	"HongKong"
9750000	"HongKong"
9775000	"Fujian"
9800000	"Guangdong"
9825000	"HongKong"
9850000	"Guangdong"
9875000	"HongKong"
9900000	"HongKong"
9925000	"HongKong"
9950000	"HongKong"
9975000	"Guangdong"
10000000	"Guangdong"
10025000	"HongKong"
10050000	"HongKong"
10075000	"HongKong"
10100000	"HongKong"
10125000	"HongKong"
10150000	"HongKong"
10175000	"Guangxi"
10200000	"HongKong"
10225000	"HongKong"
10250000	"Guangxi"
10275000	"HongKong"
10300000	"HongKong"
10325000	"HongKong"
10350000	"Guangxi"
10375000	"HongKong"
10400000	"HongKong"
10425000	"HongKong"
10450000	"HongKong"
10475000	"HongKong"
10500000	"HongKong"
10525000	"Guangxi"
10550000	"Guangxi"
10575000	"Henan"
10600000	"HongKong"
10625000	"Guangxi"
10650000	"Fujian"
10675000	"HongKong"
10700000	"Fujian"
10725000	"HongKong"
10750000	"Guangxi"
10775000	"Guangdong"
10800000	"Guangdong"
10825000	"Guangxi"
10850000	"Guangxi"
10875000	"HongKong"
10900000	"Fujian"
10925000	"HongKong"
10950000	"HongKong"
10975000	"HongKong"
11000000	"HongKong"
11025000	"HongKong"
11050000	"HongKong"
11075000	"HongKong"
11100000	"HongKong"
11125000	"Guangxi"
11150000	"HongKong"
11175000	"Guangdong"
11200000	"HongKong"
11225000	"Guangdong"
11250000	"HongKong"
11275000	"HongKong"
11300000	"HongKong"
11325000	"HongKong"
11350000	"Guangxi"
11375000	"Guangxi"
11400000	"HongKong"
11425000	"Fujian"
11450000	"Guangxi"
11475000	"Guangdong"
11500000	"HongKong"
11525000	"HongKong"
11550000	"HongKong"
11575000	"HongKong"
11600000	"HongKong"
11625000	"Guangdong"
11650000	"Guangxi"
11675000	"HongKong"
11700000	"Guangdong"
11725000	"Guangxi"
11750000	"HongKong"
11775000	"HongKong"
11800000	"HongKong"
11825000	"Fujian"
11850000	"HongKong"
11875000	"HongKong"
11900000	"HongKong"
11925000	"Guangdong"
11950000	"Guangxi"
11975000	"HongKong"
12000000	"HongKong"
12025000	"Guangdong"
12050000	"HongKong"
12075000	"HongKong"
12100000	"HongKong"
12125000	"HongKong"
12150000	"HongKong"
12175000	"Guangdong"
12200000	"HongKong"
12225000	"HongKong"
12250000	"Fujian"
12275000	"HongKong"
12300000	"HongKong"
12325000	"Guangdong"
12350000	"HongKong"
12375000	"HongKong"
12400000	"HongKong"
12425000	"HongKong"
12450000	"HongKong"
12475000	"HongKong"
12500000	"Guangdong"
12525000	"Guangxi"
12550000	"HongKong"
12575000	"HongKong"
12600000	"HongKong"
12625000	"Guangxi"
12650000	"HongKong"
12675000	"HongKong"
12700000	"HongKong"
12725000	"HongKong"
12750000	"HongKong"
12775000	"Guangdong"
12800000	"HongKong"
12825000	"HongKong"
12850000	"HongKong"
12875000	"Guangdong"
12900000	"Guangdong"
12925000	"HongKong"
12950000	"HongKong"
12975000	"Guangdong"
13000000	"HongKong"
13025000	"HongKong"
13050000	"HongKong"
13075000	"HongKong"
13100000	"HongKong"
13125000	"HongKong"
13150000	"Guangxi"
13175000	"HongKong"
13200000	"HongKong"
13225000	"Guangxi"
13250000	"Guangxi"
13275000	"HongKong"
13300000	"HongKong"
13325000	"HongKong"
13350000	"Guangxi"
13375000	"HongKong"
13400000	"HongKong"
13425000	"HongKong"
13450000	"Fujian"
13475000	"HongKong"
13500000	"HongKong"
13525000	"HongKong"
13550000	"HongKong"
13575000	"HongKong"
13600000	"Guangxi"
13625000	"Guangxi"
13650000	"HongKong"
13675000	"Guangxi"
13700000	"Fujian"
13725000	"Fujian"
13750000	"HongKong"
13775000	"Hebei"
13800000	"HongKong"
13825000	"HongKong"
13850000	"HongKong"
13875000	"HongKong"
13900000	"HongKong"
13925000	"HongKong"
13950000	"HongKong"
13975000	"HongKong"
14000000	"HongKong"
14025000	"HongKong"
14050000	"HongKong"
14075000	"HongKong"
14100000	"HongKong"
14125000	"Fujian"
14150000	"HongKong"
14175000	"HongKong"
14200000	"HongKong"
14225000	"HongKong"
14250000	"HongKong"
14275000	"HongKong"
14300000	"HongKong"
14325000	"HongKong"
14350000	"HongKong"
14375000	"Hebei"
14400000	"HongKong"
14425000	"HongKong"
14450000	"HongKong"
14475000	"HongKong"
14500000	"Guangdong"
14525000	"Fujian"
14550000	"HongKong"
14575000	"HongKong"
14600000	"HongKong"
14625000	"HongKong"
14650000	"HongKong"
14675000	"Guangdong"
14700000	"HongKong"
14725000	"HongKong"
14750000	"HongKong"
14775000	"HongKong"
14800000	"HongKong"
14825000	"HongKong"
14850000	"Guangxi"
14875000	"HongKong"
14900000	"Fujian"
14925000	"HongKong"
14950000	"HongKong"
14975000	"Guangdong"
15000000	"HongKong"
15025000	"HongKong"
15050000	"HongKong"
15075000	"Guangxi"
15100000	"Guangxi"
15125000	"HongKong"
15150000	"HongKong"
15175000	"Guangxi"
15200000	"HongKong"
15225000	"HongKong"
15250000	"HongKong"
15275000	"HongKong"
15300000	"Fujian"
15325000	"HongKong"
15350000	"Guangdong"
15375000	"HongKong"
15400000	"HongKong"
15425000	"HongKong"
15450000	"HongKong"
15475000	"HongKong"
15500000	"HongKong"
15525000	"Guangdong"
15550000	"HongKong"
15575000	"HongKong"
15600000	"Guangdong"
15625000	"Guangdong"
15650000	"HongKong"
15675000	"HongKong"
15700000	"HongKong"
15725000	"HongKong"
15750000	"HongKong"
15775000	"HongKong"
15800000	"HongKong"
15825000	"HongKong"
15850000	"HongKong"
15875000	"HongKong"
15900000	"HongKong"
15925000	"Guangdong"
15950000	"HongKong"
15975000	"HongKong"
16000000	"HongKong"
16025000	"Guangdong"
16050000	"HongKong"
16075000	"HongKong"
16100000	"HongKong"
16125000	"HongKong"
16150000	"Guangxi"
16175000	"HongKong"
16200000	"HongKong"
16225000	"HongKong"
16250000	"HongKong"
16275000	"Fujian"
16300000	"HongKong"
16325000	"Fujian"
16350000	"HongKong"
16375000	"Fujian"
16400000	"HongKong"
16425000	"HongKong"
16450000	"HongKong"
16475000	"HongKong"
16500000	"Guangxi"
16525000	"HongKong"
16550000	"HongKong"
16575000	"HongKong"
16600000	"Guangdong"
16625000	"HongKong"
16650000	"Guangxi"
16675000	"HongKong"
16700000	"Guangdong"
16725000	"HongKong"
16750000	"HongKong"
16775000	"Hunan"
16800000	"HongKong"
16825000	"Guangxi"
16850000	"Guangdong"
16875000	"HongKong"
16900000	"HongKong"
16925000	"HongKong"
16950000	"HongKong"
16975000	"Guangdong"
17000000	"Guangxi"
17025000	"HongKong"
17050000	"HongKong"
17075000	"Guangxi"
17100000	"HongKong"
17125000	"Guangdong"
17150000	"Guangxi"
17175000	"HongKong"
17200000	"Guangxi"
17225000	"Guangxi"
17250000	"HongKong"
17275000	"HongKong"
17300000	"Guangxi"
17325000	"HongKong"
17350000	"HongKong"
17375000	"HongKong"
17400000	"HongKong"
17425000	"Guangdong"
17450000	"HongKong"
17475000	"HongKong"
17500000	"Guangdong"
17525000	"HongKong"
17550000	"HongKong"
17575000	"Guangdong"
17600000	"HongKong"
17625000	"Guangxi"
17650000	"HongKong"
17675000	"Guangxi"
17700000	"Guangxi"
17725000	"Guangdong"
17750000	"HongKong"
17775000	"Guangxi"
17800000	"Guangxi"
17825000	"Guangxi"
17850000	"HongKong"
17875000	"HongKong"
17900000	"Guangdong"
17925000	"Guangdong"
17950000	"Guangdong"
17975000	"HongKong"
18000000	"Guangdong"
18025000	"HongKong"
18050000	"Fujian"
18075000	"HongKong"
18100000	"HongKong"
18125000	"HongKong"
18150000	"HongKong"
18175000	"HongKong"
18200000	"HongKong"
18225000	"Henan"
18250000	"HongKong"
18275000	"Guangdong"
18300000	"HongKong"
18325000	"Guangdong"
18350000	"HongKong"
18375000	"HongKong"
18400000	"Guangdong"
18425000	"Guangxi"
18450000	"HongKong"
18475000	"Guangxi"
18500000	"HongKong"
18525000	"Guangxi"
18550000	"Guangxi"
18575000	"Fujian"
18600000	"Fujian"
18625000	"Guangxi"
18650000	"Fujian"
18675000	"HongKong"
18700000	"HongKong"
18725000	"Fujian"
18750000	"Guangdong"
18775000	"HongKong"
18800000	"Fujian"
18825000	"HongKong"
18850000	"HongKong"
18875000	"HongKong"
18900000	"HongKong"
18925000	"HongKong"
18950000	"HongKong"
18975000	"HongKong"
19000000	"HongKong"
19025000	"Guangdong"
19050000	"HongKong"
19075000	"HongKong"
19100000	"Guangdong"
19125000	"HongKong"
19150000	"Guangdong"
19175000	"HongKong"
19200000	"Guangdong"
19225000	"Guangxi"
19250000	"HongKong"
19275000	"HongKong"
19300000	"HongKong"
19325000	"Henan"
19350000	"Guangdong"
19375000	"Guangdong"
19400000	"HongKong"
19425000	"Guangxi"
19450000	"Fujian"
19475000	"Guangxi"
19500000	"HongKong"
19525000	"HongKong"
19550000	"Guangdong"
19575000	"HongKong"
19600000	"HongKong"
19625000	"HongKong"
19650000	"Fujian"
19675000	"HongKong"
19700000	"HongKong"
19725000	"HongKong"
19750000	"HongKong"
19775000	"HongKong"
19800000	"HongKong"
19825000	"Guangdong"
19850000	"HongKong"
19875000	"HongKong"
19900000	"Guangxi"
19925000	"Fujian"
19950000	"HongKong"
19975000	"HongKong"
20000000	"HongKong"
20025000	"HongKong"
20050000	"HongKong"
20075000	"Guangxi"
20100000	"Guangxi"
20125000	"Guangxi"
20150000	"Guangxi"
20175000	"Hebei"
20200000	"Fujian"
20225000	"HongKong"
20250000	"HongKong"
20275000	"Guangxi"
20300000	"HongKong"
20325000	"HongKong"
20350000	"HongKong"
20375000	"Guangdong"
20400000	"HongKong"
20425000	"HongKong"
20450000	"HongKong"
20475000	"Guangdong"
20500000	"HongKong"
20525000	"Guangxi"
20550000	"HongKong"
20575000	"Fujian"
20600000	"Guangxi"
20625000	"Guangxi"
20650000	"Fujian"
20675000	"HongKong"
20700000	"Guangxi"
20725000	"HongKong"
20750000	"Hunan"
20775000	"HongKong"
20800000	"HongKong"
20825000	"Guangdong"
20850000	"HongKong"
20875000	"HongKong"
20900000	"HongKong"
20925000	"HongKong"
20950000	"HongKong"
20975000	"Guangxi"
21000000	"HongKong"
21025000	"HongKong"
21050000	"HongKong"
21075000	"HongKong"
21100000	"HongKong"
21125000	"HongKong"
21150000	"HongKong"
21175000	"HongKong"
21200000	"HongKong"
21225000	"HongKong"
21250000	"HongKong"
21275000	"HongKong"
21300000	"HongKong"
21325000	"HongKong"
21350000	"Guangdong"
21375000	"Guangxi"
21400000	"HongKong"
21425000	"Guangdong"
21450000	"Fujian"
21475000	"Guangxi"
21500000	"Guangdong"
21525000	"HongKong"
21550000	"Guangdong"
21575000	"HongKong"
21600000	"HongKong"
21625000	"HongKong"
21650000	"HongKong"
21675000	"HongKong"
21700000	"HongKong"
21725000	"Guangdong"
21750000	"HongKong"
21775000	"HongKong"
21800000	"HongKong"
21825000	"Hebei"
21850000	"Guangxi"
21875000	"Henan"
21900000	"HongKong"
21925000	"HongKong"
21950000	"HongKong"
21975000	"HongKong"
22000000	"HongKong"
22025000	"HongKong"
22050000	"HongKong"
22075000	"HongKong"
22100000	"HongKong"
22125000	"HongKong"
22150000	"HongKong"
22175000	"HongKong"
22200000	"HongKong"
22225000	"HongKong"
22250000	"HongKong"
22275000	"Guangdong"
22300000	"HongKong"
22325000	"HongKong"
22350000	"Guangxi"
22375000	"HongKong"
22400000	"HongKong"
22425000	"HongKong"
22450000	"Guangxi"
22475000	"Guangdong"
22500000	"Guangxi"
22525000	"HongKong"
22550000	"HongKong"
22575000	"Guangxi"
22600000	"HongKong"
22625000	"HongKong"
22650000	"HongKong"
22675000	"HongKong"
22700000	"HongKong"
22725000	"HongKong"
22750000	"HongKong"
22775000	"Guangdong"
22800000	"HongKong"
22825000	"Guangdong"
22850000	"HongKong"
22875000	"HongKong"
22900000	"HongKong"
22925000	"HongKong"
22950000	"HongKong"
22975000	"HongKong"
23000000	"HongKong"
23025000	"HongKong"
23050000	"Guangxi"
23075000	"HongKong"
23100000	"Guangxi"
23125000	"HongKong"
23150000	"Guangxi"
23175000	"HongKong"
23200000	"Guangdong"
23225000	"HongKong"
23250000	"HongKong"
23275000	"HongKong"
23300000	"Guangdong"
23325000	"HongKong"
23350000	"Guangdong"
23375000	"HongKong"
23400000	"Guangdong"
23425000	"HongKong"
23450000	"Fujian"
23475000	"HongKong"
23500000	"HongKong"
23525000	"HongKong"
23550000	"HongKong"
23575000	"Guangxi"
23600000	"HongKong"
23625000	"Guangdong"
23650000	"Fujian"
23675000	"Guangdong"
23700000	"Guangdong"
23725000	"Guangxi"
23750000	"Guangxi"
23775000	"HongKong"
23800000	"HongKong"
23825000	"HongKong"
23850000	"HongKong"
23875000	"HongKong"
23900000	"Guangxi"
23925000	"HongKong"
23950000	"Guangxi"
23975000	"HongKong"
24000000	"Guangdong"
24025000	"HongKong"
24050000	"HongKong"
24075000	"HongKong"
24100000	"HongKong"
24125000	"HongKong"
24150000	"HongKong"
24175000	"HongKong"
24200000	"HongKong"
24225000	"HongKong"
24250000	"HongKong"
24275000	"HongKong"
24300000	"HongKong"
24325000	"HongKong"
24350000	"Guangdong"
24375000	"HongKong"
24400000	"HongKong"
24425000	"HongKong"
24450000	"Guangxi"
24475000	"Henan"
24500000	"HongKong"
24525000	"HongKong"
24550000	"HongKong"
24575000	"HongKong"
24600000	"Guangdong"
24625000	"HongKong"
24650000	"HongKong"
24675000	"HongKong"
24700000	"HongKong"
24725000	"HongKong"
24750000	"HongKong"
24775000	"Guangdong"
24800000	"Guangdong"
24825000	"HongKong"
24850000	"HongKong"
24875000	"Guangdong"
24900000	"HongKong"
24925000	"Guangdong"
24950000	"HongKong"
24975000	"HongKong"
25000000	"HongKong"
25025000	"Guangdong"
25050000	"Guangdong"
25075000	"HongKong"
25100000	"HongKong"
25125000	"Guangxi"
25150000	"Guangdong"
25175000	"Guangxi"
25200000	"Guangdong"
25225000	"HongKong"
25250000	"HongKong"
25275000	"HongKong"
25300000	"HongKong"
25325000	"HongKong"
25350000	"HongKong"
25375000	"HongKong"
25400000	"HongKong"
25425000	"Guangdong"
25450000	"HongKong"
25475000	"HongKong"
25500000	"HongKong"
25525000	"Guangdong"
25550000	"HongKong"
25575000	"HongKong"
25600000	"HongKong"
25625000	"HongKong"
25650000	"Guangdong"
25675000	"Guangxi"
25700000	"HongKong"
25725000	"HongKong"
25750000	"Guangxi"
25775000	"HongKong"
25800000	"HongKong"
25825000	"HongKong"
25850000	"HongKong"
25875000	"Guangxi"
25900000	"HongKong"
25925000	"Guangxi"
25950000	"Guangdong"
25975000	"HongKong"
26000000	"HongKong"
26025000	"Guangdong"
26050000	"HongKong"
26075000	"HongKong"
26100000	"HongKong"
26125000	"HongKong"
26150000	"HongKong"
26175000	"HongKong"
26200000	"HongKong"
26225000	"Guangxi"
26250000	"Guangxi"
26275000	"Guangxi"
26300000	"Guangxi"
26325000	"Guangdong"
26350000	"HongKong"
26375000	"Guangdong"
26400000	"Guangdong"
26425000	"HongKong"
26450000	"HongKong"
26475000	"HongKong"
26500000	"HongKong"
26525000	"HongKong"
26550000	"Guangdong"
26575000	"HongKong"
26600000	"Guangdong"
26625000	"HongKong"
26650000	"HongKong"
26675000	"Guangdong"
26700000	"HongKong"
26725000	"Fujian"
26750000	"HongKong"
26775000	"HongKong"
26800000	"Guangdong"
26825000	"Fujian"
26850000	"Fujian"
26875000	"Guangdong"
26900000	"HongKong"
26925000	"HongKong"
26950000	"HongKong"
26975000	"HongKong"
27000000	"Guangdong"
27025000	"HongKong"
27050000	"HongKong"
27075000	"HongKong"
27100000	"Fujian"
27125000	"Fujian"
27150000	"Fujian"
27175000	"HongKong"
27200000	"HongKong"
27225000	"Fujian"
27250000	"Fujian"
27275000	"HongKong"
27300000	"HongKong"
27325000	"Fujian"
27350000	"HongKong"
27375000	"Fujian"
27400000	"HongKong"
27425000	"Guangxi"
27450000	"HongKong"
27475000	"HongKong"
27500000	"Guangdong"
27525000	"Guangdong"
27550000	"HongKong"
27575000	"Guangxi"
27600000	"HongKong"
27625000	"HongKong"
27650000	"HongKong"
27675000	"HongKong"
27700000	"Guangxi"
27725000	"HongKong"
27750000	"Guangxi"
27775000	"HongKong"
27800000	"HongKong"
27825000	"Guangdong"
27850000	"HongKong"
27875000	"HongKong"
27900000	"Guangxi"
27925000	"HongKong"
27950000	"HongKong"
27975000	"Guangxi"
28000000	"Guangxi"
28025000	"HongKong"
28050000	"HongKong"
28075000	"HongKong"
28100000	"HongKong"
28125000	"HongKong"
28150000	"HongKong"
28175000	"Fujian"
28200000	"Fujian"
28225000	"HongKong"
28250000	"Guangdong"
28275000	"Guangdong"
28300000	"Guangdong"
28325000	"Fujian"
28350000	"HongKong"
28375000	"HongKong"
28400000	"HongKong"
28425000	"HongKong"
28450000	"HongKong"
28475000	"Guangdong"
28500000	"Guangxi"
28525000	"Guangdong"
28550000	"HongKong"
28575000	"Guangxi"
28600000	"HongKong"
28625000	"HongKong"
28650000	"HongKong"
28675000	"HongKong"
28700000	"HongKong"
28725000	"Guangdong"
28750000	"HongKong"
28775000	"HongKong"
28800000	"HongKong"
28825000	"HongKong"
28850000	"HongKong"
28875000	"Guangdong"
28900000	"HongKong"
28925000	"HongKong"
28950000	"Guangxi"
28975000	"Guangdong"
29000000	"Guangxi"
29025000	"HongKong"
29050000	"HongKong"
29075000	"HongKong"
29100000	"Guangxi"
29125000	"Fujian"
29150000	"HongKong"
29175000	"HongKong"
29200000	"HongKong"
29225000	"Guangdong"
29250000	"HongKong"
29275000	"HongKong"
29300000	"Guangxi"
29325000	"HongKong"
29350000	"HongKong"
29375000	"Fujian"
29400000	"HongKong"
29425000	"HongKong"
29450000	"Guangdong"
29475000	"Guangxi"
29500000	"HongKong"
29525000	"HongKong"
29550000	"HongKong"
29575000	"HongKong"
29600000	"Guangxi"
29625000	"HongKong"
29650000	"Fujian"
29675000	"Guangxi"
29700000	"Guangdong"
29725000	"Hunan"
29750000	"HongKong"
29775000	"HongKong"
29800000	"HongKong"
29825000	"HongKong"
29850000	"HongKong"
29875000	"HongKong"
29900000	"HongKong"
29925000	"HongKong"
29950000	"HongKong"
29975000	"Fujian"
30000000	"HongKong"
30025000	"HongKong"
30050000	"HongKong"
30075000	"Guangxi"
30100000	"Guangdong"
30125000	"HongKong"
30150000	"HongKong"
30175000	"HongKong"
30200000	"Guangdong"
30225000	"HongKong"
30250000	"HongKong"
30275000	"Guangxi"
30300000	"HongKong"
30325000	"HongKong"
30350000	"Guangxi"
30375000	"Guangxi"
30400000	"HongKong"
30425000	"HongKong"
30450000	"HongKong"
30475000	"Guangxi"
30500000	"HongKong"
30525000	"HongKong"
30550000	"HongKong"
30575000	"HongKong"
30600000	"HongKong"
30625000	"HongKong"
30650000	"HongKong"
30675000	"HongKong"
30700000	"HongKong"
30725000	"HongKong"
30750000	"HongKong"
30775000	"HongKong"
30800000	"HongKong"
30825000	"HongKong"
30850000	"Fujian"
30875000	"Guangdong"
30900000	"HongKong"
30925000	"Guangxi"
30950000	"Guangxi"
30975000	"HongKong"
31000000	"HongKong"
31025000	"Guangdong"
31050000	"HongKong"
31075000	"Guangdong"
31100000	"HongKong"
31125000	"HongKong"
31150000	"HongKong"
31175000	"HongKong"
31200000	"HongKong"
31225000	"HongKong"
31250000	"HongKong"
31275000	"Guangdong"
31300000	"HongKong"
31325000	"HongKong"
31350000	"HongKong"
31375000	"HongKong"
31400000	"Fujian"
31425000	"Guangxi"
31450000	"HongKong"
31475000	"HongKong"
31500000	"HongKong"
31525000	"Fujian"
31550000	"HongKong"
31575000	"HongKong"
31600000	"HongKong"
31625000	"HongKong"
31650000	"Guangdong"
31675000	"HongKong"
31700000	"HongKong"
31725000	"HongKong"
31750000	"HongKong"
31775000	"HongKong"
31800000	"HongKong"
31825000	"HongKong"
31850000	"Guangdong"
31875000	"Guangdong"
31900000	"HongKong"
31925000	"Guangxi"
31950000	"HongKong"
31975000	"HongKong"
32000000	"Guangdong"
32025000	"HongKong"
32050000	"HongKong"
32075000	"HongKong"
32100000	"HongKong"
32125000	"HongKong"
32150000	"HongKong"
32175000	"Fujian"
32200000	"Fujian"
32225000	"Guangdong"
32250000	"HongKong"
32275000	"Guangxi"
32300000	"HongKong"
32325000	"HongKong"
32350000	"HongKong"
32375000	"HongKong"
32400000	"Guangxi"
32425000	"HongKong"
32450000	"HongKong"
32475000	"HongKong"
32500000	"Guangxi"
32525000	"Guangxi"
32550000	"Guangxi"
32575000	"HongKong"
32600000	"HongKong"
32625000	"HongKong"
32650000	"HongKong"
32675000	"Guangxi"
32700000	"Fujian"
32725000	"HongKong"
32750000	"HongKong"
32775000	"HongKong"
32800000	"HongKong"
32825000	"Fujian"
32850000	"Guangdong"
32875000	"HongKong"
32900000	"Guangdong"
32925000	"HongKong"
32950000	"HongKong"
32975000	"Fujian"
33000000	"HongKong"
33025000	"Fujian"
33050000	"HongKong"
33075000	"HongKong"
33100000	"Guangdong"
33125000	"Guangdong"
33150000	"Fujian"
33175000	"HongKong"
33200000	"HongKong"
33225000	"HongKong"
33250000	"HongKong"
33275000	"HongKong"
33300000	"HongKong"
33325000	"Fujian"
33350000	"Guangdong"
33375000	"HongKong"
33400000	"HongKong"
33425000	"HongKong"
33450000	"HongKong"
33475000	"HongKong"
33500000	"Guangdong"
33525000	"HongKong"
33550000	"HongKong"
33575000	"Guangxi"
33600000	"HongKong"
33625000	"Guangdong"
33650000	"Guangdong"
33675000	"HongKong"
33700000	"HongKong"
33725000	"HongKong"
33750000	"HongKong"
33775000	"HongKong"
33800000	"HongKong"
33825000	"HongKong"
33850000	"HongKong"
33875000	"Guangdong"
33900000	"HongKong"
33925000	"HongKong"
33950000	"HongKong"
33975000	"HongKong"
34000000	"HongKong"
34025000	"HongKong"
34050000	"HongKong"
34075000	"HongKong"
34100000	"Fujian"
34125000	"Guangdong"
34150000	"Guangdong"
34175000	"HongKong"
34200000	"Fujian"
34225000	"HongKong"
34250000	"HongKong"
34275000	"HongKong"
34300000	"HongKong"
34325000	"HongKong"
34350000	"HongKong"
34375000	"HongKong"
34400000	"HongKong"
34425000	"HongKong"
34450000	"Fujian"
34475000	"HongKong"
34500000	"HongKong"
34525000	"HongKong"
34550000	"HongKong"
34575000	"HongKong"
34600000	"Guangxi"
34625000	"Guangxi"
34650000	"Guangdong"
34675000	"HongKong"
34700000	"Fujian"
34725000	"HongKong"
34750000	"HongKong"
34775000	"HongKong"
34800000	"HongKong"
34825000	"HongKong"
34850000	"Guangdong"
34875000	"HongKong"
34900000	"HongKong"
34925000	"HongKong"
34950000	"HongKong"
34975000	"HongKong"
35000000	"Henan"
35025000	"HongKong"
35050000	"HongKong"
35075000	"HongKong"
35100000	"HongKong"
35125000	"Guangdong"
35150000	"HongKong"
35175000	"HongKong"
35200000	"Guangdong"
35225000	"Guangdong"
35250000	"Fujian"
35275000	"HongKong"
35300000	"Guangdong"
35325000	"HongKong"
35350000	"HongKong"
35375000	"Fujian"
35400000	"HongKong"
35425000	"HongKong"
35450000	"HongKong"
35475000	"HongKong"
35500000	"Guangxi"
35525000	"Guangxi"
35550000	"Guangdong"
35575000	"Guangdong"
35600000	"HongKong"
35625000	"Guangdong"
35650000	"HongKong"
35675000	"HongKong"
35700000	"HongKong"
35725000	"Guangxi"
35750000	"HongKong"
35775000	"Guangxi"
35800000	"HongKong"
35825000	"HongKong"
35850000	"HongKong"
35875000	"HongKong"
35900000	"Guangxi"
35925000	"Guangdong"
35950000	"Guangxi"
35975000	"HongKong"
36000000	"HongKong"
36025000	"Guangdong"
36050000	"Guangxi"
36075000	"HongKong"
36100000	"Guangxi"
36125000	"HongKong"
36150000	"Guangxi"
36175000	"HongKong"
36200000	"HongKong"
36225000	"HongKong"
36250000	"HongKong"
36275000	"HongKong"
36300000	"HongKong"
36325000	"HongKong"
36350000	"HongKong"
36375000	"Guangxi"
36400000	"Fujian"
36425000	"Guangdong"
36450000	"HongKong"
36475000	"HongKong"
36500000	"HongKong"
36525000	"HongKong"
36550000	"HongKong"
36575000	"HongKong"
36600000	"Fujian"
36625000	"HongKong"
36650000	"HongKong"
36675000	"HongKong"
36700000	"HongKong"
36725000	"HongKong"
36750000	"HongKong"
36775000	"Guangdong"
36800000	"HongKong"
36825000	"HongKong"
36850000	"HongKong"
36875000	"HongKong"
36900000	"Fujian"
36925000	"HongKong"
36950000	"HongKong"
36975000	"HongKong"
37000000	"HongKong"
37025000	"Guangdong"
37050000	"HongKong"
37075000	"HongKong"
37100000	"Guangdong"
37125000	"Guangdong"
37150000	"HongKong"
37175000	"HongKong"
37200000	"HongKong"
37225000	"HongKong"
37250000	"HongKong"
37275000	"Guangxi"
37300000	"HongKong"
37325000	"HongKong"
37350000	"HongKong"
37375000	"Fujian"
37400000	"Guangdong"
37425000	"Guangdong"
37450000	"Fujian"
37475000	"Fujian"
37500000	"Guangdong"
37525000	"Hunan"
37550000	"Guangxi"
37575000	"HongKong"
37600000	"Guangdong"
37625000	"Guangxi"
37650000	"HongKong"
37675000	"Guangdong"
37700000	"HongKong"
37725000	"HongKong"
37750000	"HongKong"
37775000	"HongKong"
37800000	"HongKong"
37825000	"HongKong"
37850000	"HongKong"
37875000	"HongKong"
37900000	"Guangdong"
37925000	"Guangdong"
37950000	"Guangdong"
37975000	"Fujian"
38000000	"Guangxi"
38025000	"Guangxi"
38050000	"Guangdong"
38075000	"HongKong"
38100000	"HongKong"
38125000	"HongKong"
38150000	"Guangdong"
38175000	"HongKong"
38200000	"HongKong"
38225000	"Guangxi"
38250000	"HongKong"
38275000	"HongKong"
38300000	"HongKong"
38325000	"Guangdong"
38350000	"Guangdong"
38375000	"HongKong"
38400000	"Fujian"
38425000	"HongKong"
38450000	"HongKong"
38475000	"HongKong"
38500000	"HongKong"
38525000	"HongKong"
38550000	"HongKong"
38575000	"HongKong"
38600000	"HongKong"
38625000	"HongKong"
38650000	"HongKong"
38675000	"Guangxi"
38700000	"Guangdong"
38725000	"HongKong"
38750000	"HongKong"
38775000	"HongKong"
38800000	"HongKong"
38825000	"HongKong"
38850000	"Fujian"
38875000	"HongKong"
38900000	"HongKong"
38925000	"HongKong"
38950000	"HongKong"
38975000	"HongKong"
39000000	"Guangdong"
39025000	"HongKong"
39050000	"Guangdong"
39075000	"Guangxi"
39100000	"HongKong"
39125000	"HongKong"
39150000	"Guangdong"
39175000	"Guangdong"
39200000	"HongKong"
39225000	"HongKong"
39250000	"HongKong"
39275000	"HongKong"
39300000	"Guangdong"
39325000	"HongKong"
39350000	"HongKong"
39375000	"Hunan"
39400000	"Henan"
39425000	"Guangxi"
39450000	"Guangdong"
39475000	"HongKong"
39500000	"HongKong"
39525000	"HongKong"
39550000	"Guangxi"
39575000	"HongKong"
39600000	"Guangxi"
39625000	"HongKong"
39650000	"HongKong"
39675000	"Guangdong"
39700000	"Guangdong"
39725000	"HongKong"
39750000	"HongKong"
39775000	"HongKong"
39800000	"HongKong"
39825000	"Fujian"
39850000	"HongKong"
39875000	"HongKong"
39900000	"Fujian"
39925000	"HongKong"
39950000	"Fujian"
39975000	"HongKong"
40000000	"HongKong"
40025000	"HongKong"
40050000	"HongKong"
40075000	"HongKong"
40100000	"HongKong"
40125000	"HongKong"
40150000	"HongKong"
40175000	"HongKong"
40200000	"HongKong"
40225000	"HongKong"
40250000	"HongKong"
40275000	"Guangdong"
40300000	"HongKong"
40325000	"HongKong"
40350000	"HongKong"
40375000	"HongKong"
40400000	"Fujian"
40425000	"HongKong"
40450000	"Guangxi"
40475000	"HongKong"
40500000	"HongKong"
40525000	"Guangxi"
40550000	"Guangdong"
40575000	"Guangdong"
40600000	"HongKong"
40625000	"HongKong"
40650000	"HongKong"
40675000	"Guangxi"
40700000	"Henan"
40725000	"Henan"
40750000	"HongKong"
40775000	"Guangdong"
40800000	"HongKong"
40825000	"Fujian"
40850000	"Fujian"
40875000	"HongKong"
40900000	"HongKong"
40925000	"Fujian"
40950000	"HongKong"
40975000	"HongKong"
41000000	"HongKong"
41025000	"HongKong"
41050000	"HongKong"
41075000	"Guangdong"
41100000	"HongKong"
41125000	"HongKong"
41150000	"Guangdong"
41175000	"HongKong"
41200000	"Guangxi"
41225000	"HongKong"
41250000	"Guangxi"
41275000	"HongKong"
41300000	"HongKong"
41325000	"Guangxi"
41350000	"HongKong"
41375000	"HongKong"
41400000	"Fujian"
41425000	"HongKong"
41450000	"HongKong"
41475000	"HongKong"
41500000	"Guangdong"
41525000	"Guangdong"
41550000	"HongKong"
41575000	"Guangdong"
41600000	"HongKong"
41625000	"HongKong"
41650000	"HongKong"
41675000	"Guangxi"
41700000	"HongKong"
41725000	"HongKong"
41750000	"HongKong"
41775000	"Guangdong"
41800000	"Guangxi"
41825000	"Guangdong"
41850000	"HongKong"
41875000	"Guangdong"
41900000	"Guangdong"
41925000	"HongKong"
41950000	"HongKong"
41975000	"Guangxi"
42000000	"HongKong"
42025000	"Fujian"
42050000	"Guangdong"
42075000	"HongKong"
42100000	"HongKong"
42125000	"HongKong"
42150000	"HongKong"
42175000	"Fujian"
42200000	"Guangdong"
42225000	"HongKong"
42250000	"Guangxi"
42275000	"Guangxi"
42300000	"HongKong"
42325000	"HongKong"
42350000	"HongKong"
42375000	"Guangdong"
42400000	"Guangdong"
42425000	"Guangdong"
42450000	"Guangdong"
42475000	"Guangdong"
42500000	"Guangxi"
42525000	"HongKong"
42550000	"Guangxi"
42575000	"Guangdong"
42600000	"HongKong"
42625000	"Fujian"
42650000	"Fujian"
42675000	"Fujian"
42700000	"Guangxi"
42725000	"Guangxi"
42750000	"Guangxi"
42775000	"HongKong"
42800000	"HongKong"
42825000	"HongKong"
42850000	"HongKong"
42875000	"Guangdong"
42900000	"HongKong"
42925000	"Guangdong"
42950000	"HongKong"
42975000	"HongKong"
43000000	"Guangxi"
43025000	"Guangdong"
43050000	"HongKong"
43075000	"HongKong"
43100000	"HongKong"
43125000	"HongKong"
43150000	"Fujian"
43175000	"Guangdong"
43200000	"Guangdong"
43225000	"HongKong"
43250000	"Fujian"
43275000	"HongKong"
43300000	"HongKong"
43325000	"HongKong"
43350000	"Fujian"
43375000	"HongKong"
43400000	"Guangxi"
43425000	"HongKong"
43450000	"Guangdong"
43475000	"Guangxi"
43500000	"HongKong"
43525000	"HongKong"
43550000	"HongKong"
43575000	"HongKong"
43600000	"Guangdong"
43625000	"HongKong"
43650000	"Guangdong"
43675000	"Guangxi"
43700000	"Guangdong"
43725000	"HongKong"
43750000	"Guangxi"
43775000	"Guangxi"
43800000	"Guangxi"
43825000	"HongKong"
43850000	"HongKong"
43875000	"HongKong"
43900000	"HongKong"
43925000	"HongKong"
43950000	"HongKong"
43975000	"HongKong"
44000000	"HongKong"
44025000	"HongKong"
44050000	"HongKong"
44075000	"Guangdong"
44100000	"HongKong"
44125000	"HongKong"
44150000	"Guangdong"
44175000	"Guangdong"
44200000	"HongKong"
44225000	"Guangdong"
44250000	"HongKong"
44275000	"Fujian"
44300000	"HongKong"
44325000	"Guangdong"
44350000	"HongKong"
44375000	"HongKong"
44400000	"HongKong"
44425000	"HongKong"
44450000	"HongKong"
44475000	"HongKong"
44500000	"HongKong"
44525000	"HongKong"
44550000	"HongKong"
44575000	"Guangdong"
44600000	"HongKong"
44625000	"HongKong"
44650000	"HongKong"
44675000	"Guangdong"
44700000	"Guangxi"
44725000	"Guangxi"
44750000	"Guangdong"
44775000	"HongKong"
44800000	"HongKong"
44825000	"HongKong"
44850000	"HongKong"
44875000	"HongKong"
44900000	"HongKong"
44925000	"Guangdong"
44950000	"HongKong"
44975000	"HongKong"
45000000	"HongKong"
45025000	"HongKong"
45050000	"HongKong"
45075000	"Guangxi"
45100000	"HongKong"
45125000	"Guangxi"
45150000	"Guangxi"
45175000	"HongKong"
45200000	"HongKong"
45225000	"Guangdong"
45250000	"HongKong"
45275000	"HongKong"
45300000	"HongKong"
45325000	"HongKong"
45350000	"HongKong"
45375000	"HongKong"
45400000	"Guangdong"
45425000	"HongKong"
45450000	"HongKong"
45475000	"HongKong"
45500000	"HongKong"
45525000	"HongKong"
45550000	"HongKong"
45575000	"HongKong"
45600000	"HongKong"
45625000	"Guangdong"
45650000	"HongKong"
45675000	"HongKong"
45700000	"HongKong"
45725000	"HongKong"
45750000	"HongKong"
45775000	"HongKong"
45800000	"Guangxi"
45825000	"HongKong"
45850000	"HongKong"
45875000	"Guangxi"
45900000	"HongKong"
45925000	"HongKong"
45950000	"HongKong"
45975000	"HongKong"
46000000	"HongKong"
46025000	"HongKong"
46050000	"HongKong"
46075000	"Guangxi"
46100000	"HongKong"
46125000	"Guangxi"
46150000	"HongKong"
46175000	"HongKong"
46200000	"Guangxi"
46225000	"Guangxi"
46250000	"HongKong"
46275000	"Guangdong"
46300000	"HongKong"
46325000	"HongKong"
46350000	"HongKong"
46375000	"HongKong"
46400000	"HongKong"
46425000	"HongKong"
46450000	"Guangxi"
46475000	"Guangdong"
46500000	"Guangdong"
46525000	"HongKong"
46550000	"Guangdong"
46575000	"HongKong"
46600000	"HongKong"
46625000	"Guangxi"
46650000	"HongKong"
46675000	"HongKong"
46700000	"HongKong"
46725000	"HongKong"
46750000	"Guangxi"
46775000	"Guangxi"
46800000	"HongKong"
46825000	"HongKong"
46850000	"Fujian"
46875000	"Guangdong"
46900000	"Fujian"
46925000	"Fujian"
46950000	"HongKong"
46975000	"Fujian"
47000000	"HongKong"
47025000	"HongKong"
47050000	"HongKong"
47075000	"HongKong"
47100000	"HongKong"
47125000	"Guangdong"
47150000	"HongKong"
47175000	"HongKong"
47200000	"HongKong"
47225000	"HongKong"
47250000	"HongKong"
47275000	"HongKong"
47300000	"HongKong"
47325000	"HongKong"
47350000	"HongKong"
47375000	"HongKong"
47400000	"HongKong"
47425000	"Guangdong"
47450000	"HongKong"
47475000	"Guangxi"
47500000	"Guangxi"
47525000	"Guangxi"
47550000	"HongKong"
47575000	"HongKong"
47600000	"Guangdong"
47625000	"HongKong"
47650000	"HongKong"
47675000	"HongKong"
47700000	"HongKong"
47725000	"HongKong"
47750000	"Guangxi"
47775000	"HongKong"
47800000	"HongKong"
47825000	"HongKong"
47850000	"HongKong"
47875000	"Guangdong"
47900000	"HongKong"
47925000	"Guangdong"
47950000	"Guangdong"
47975000	"Guangdong"
48000000	"HongKong"
48025000	"HongKong"
48050000	"HongKong"
48075000	"HongKong"
48100000	"HongKong"
48125000	"HongKong"
48150000	"HongKong"
48175000	"Guangdong"
48200000	"HongKong"
48225000	"HongKong"
48250000	"HongKong"
48275000	"Guangdong"
48300000	"Henan"
48325000	"Guangdong"
48350000	"HongKong"
48375000	"HongKong"
48400000	"Fujian"
48425000	"HongKong"
48450000	"Guangxi"
48475000	"HongKong"
48500000	"HongKong"
48525000	"HongKong"
48550000	"HongKong"
48575000	"HongKong"
48600000	"HongKong"
48625000	"HongKong"
48650000	"HongKong"
48675000	"HongKong"
48700000	"HongKong"
48725000	"HongKong"
48750000	"Henan"
48775000	"HongKong"
48800000	"HongKong"
48825000	"Guangxi"
48850000	"HongKong"
48875000	"HongKong"
48900000	"Guangdong"
48925000	"HongKong"
48950000	"HongKong"
48975000	"HongKong"
49000000	"HongKong"
49025000	"HongKong"
49050000	"HongKong"
49075000	"HongKong"
49100000	"Guangxi"
49125000	"HongKong"
49150000	"HongKong"
49175000	"HongKong"
49200000	"HongKong"
49225000	"Guangxi"
49250000	"HongKong"
49275000	"Fujian"
49300000	"HongKong"
49325000	"HongKong"
49350000	"Hunan"
49375000	"HongKong"
49400000	"HongKong"
49425000	"HongKong"
49450000	"HongKong"
49475000	"HongKong"
49500000	"HongKong"
49525000	"HongKong"
49550000	"HongKong"
49575000	"HongKong"
49600000	"Guangxi"
49625000	"HongKong"
49650000	"HongKong"
49675000	"Fujian"
49700000	"HongKong"
49725000	"Guangxi"
49750000	"Guangdong"
49775000	"HongKong"
49800000	"HongKong"
49825000	"HongKong"
49850000	"HongKong"
49875000	"HongKong"
49900000	"HongKong"
49925000	"HongKong"
49950000	"HongKong"
49975000	"HongKong"
50000000	"HongKong"
